<?xml version="1.0" encoding="UTF-8"?>
<!-- Generated by org.testng.reporters.JUnitReportReporter -->
<testsuite hostname="DESKTOP-1J4PK9H" name="work.baidu" tests="1" failures="0" timestamp="14 Mar 2019 01:00:37 GMT" time="3.254" errors="0">
  <testcase name="Alogin" time="3.254" classname="work.baidu"/>
</testsuite> <!-- work.baidu -->
